[2016-12-11 12:41:52] (ERROR @ D:\OpenServer\domains\turistic\core\model\modx\modx.class.php : 1014) PHP warning: array_key_exists() expects parameter 2 to be array, null given
[2016-12-11 12:41:52] (ERROR @ D:\OpenServer\domains\turistic\core\model\modx\modx.class.php : 1017) PHP warning: array_key_exists() expects parameter 2 to be array, null given
[2016-12-11 12:41:52] (ERROR @ D:\OpenServer\domains\turistic\core\model\modx\modx.class.php : 1014) PHP warning: array_key_exists() expects parameter 2 to be array, null given
[2016-12-11 12:41:52] (ERROR @ D:\OpenServer\domains\turistic\core\model\modx\modx.class.php : 1017) PHP warning: array_key_exists() expects parameter 2 to be array, null given
[2016-12-11 12:41:52] (ERROR @ D:\OpenServer\domains\turistic\core\model\modx\modx.class.php : 1014) PHP warning: array_key_exists() expects parameter 2 to be array, null given
[2016-12-11 12:41:52] (ERROR @ D:\OpenServer\domains\turistic\core\model\modx\modx.class.php : 1017) PHP warning: array_key_exists() expects parameter 2 to be array, null given
[2016-12-11 12:49:25] (ERROR @ D:\OpenServer\domains\turistic\core\model\modx\modx.class.php : 1014) PHP warning: array_key_exists() expects parameter 2 to be array, null given
[2016-12-11 12:49:25] (ERROR @ D:\OpenServer\domains\turistic\core\model\modx\modx.class.php : 1017) PHP warning: array_key_exists() expects parameter 2 to be array, null given
[2016-12-11 12:49:25] (ERROR @ D:\OpenServer\domains\turistic\core\model\modx\modx.class.php : 1014) PHP warning: array_key_exists() expects parameter 2 to be array, null given
[2016-12-11 12:49:25] (ERROR @ D:\OpenServer\domains\turistic\core\model\modx\modx.class.php : 1017) PHP warning: array_key_exists() expects parameter 2 to be array, null given
[2016-12-11 12:49:25] (ERROR @ D:\OpenServer\domains\turistic\core\model\modx\modx.class.php : 1014) PHP warning: array_key_exists() expects parameter 2 to be array, null given
[2016-12-11 12:49:25] (ERROR @ D:\OpenServer\domains\turistic\core\model\modx\modx.class.php : 1017) PHP warning: array_key_exists() expects parameter 2 to be array, null given
[2016-12-11 13:00:34] (ERROR @ D:\OpenServer\domains\turistic\core\model\modx\modx.class.php : 1014) PHP warning: array_key_exists() expects parameter 2 to be array, null given
[2016-12-11 13:00:34] (ERROR @ D:\OpenServer\domains\turistic\core\model\modx\modx.class.php : 1017) PHP warning: array_key_exists() expects parameter 2 to be array, null given
[2016-12-11 13:00:34] (ERROR @ D:\OpenServer\domains\turistic\core\model\modx\modx.class.php : 1014) PHP warning: array_key_exists() expects parameter 2 to be array, null given
[2016-12-11 13:00:34] (ERROR @ D:\OpenServer\domains\turistic\core\model\modx\modx.class.php : 1017) PHP warning: array_key_exists() expects parameter 2 to be array, null given
[2016-12-11 13:00:34] (ERROR @ D:\OpenServer\domains\turistic\core\model\modx\modx.class.php : 1014) PHP warning: array_key_exists() expects parameter 2 to be array, null given
[2016-12-11 13:00:34] (ERROR @ D:\OpenServer\domains\turistic\core\model\modx\modx.class.php : 1017) PHP warning: array_key_exists() expects parameter 2 to be array, null given
[2016-12-11 13:11:46] (ERROR @ D:\OpenServer\domains\turistic\core\model\modx\rest\modrestclient.class.php : 241) Could not connect to provider at: http://rest.modx.com/extras/
[2016-12-11 13:11:46] (ERROR in modTransportProvider::find @ D:\OpenServer\domains\turistic\core\model\modx\transport\modtransportprovider.class.php : 271) MODX получил пустой ответ от поставщика. Пожалуйста, проверьте URL-адрес поставщика и убедитесь, что поставщик является корректным поставщиком.
[2016-12-11 13:11:46] (ERROR @ D:\OpenServer\domains\turistic\core\model\modx\rest\modrestclient.class.php : 241) Could not connect to provider at: http://rest.modx.com/extras/
[2016-12-11 13:11:46] (ERROR in modTransportProvider::find @ D:\OpenServer\domains\turistic\core\model\modx\transport\modtransportprovider.class.php : 271) MODX получил пустой ответ от поставщика. Пожалуйста, проверьте URL-адрес поставщика и убедитесь, что поставщик является корректным поставщиком.
[2016-12-11 14:12:13] (ERROR @ D:\OpenServer\domains\turistic\core\model\modx\modcachemanager.class.php : 344) Error caching lexicon topic lexicon/ru/core/default
[2016-12-11 15:40:54] (ERROR @ D:\OpenServer\domains\turistic\core\model\modx\modcachemanager.class.php : 320) Could not retrieve data to cache for resource 1
[2016-12-11 15:48:33] (ERROR @ D:\OpenServer\domains\turistic\core\model\modx\modcachemanager.class.php : 320) Could not retrieve data to cache for resource 1
[2016-12-11 15:57:37] (ERROR @ D:\OpenServer\domains\turistic\core\model\modx\modcachemanager.class.php : 320) Could not retrieve data to cache for resource 1
[2016-12-12 21:13:50] (ERROR @ D:\OpenServer\domains\turistic\core\model\modx\modcachemanager.class.php : 344) Error caching lexicon topic lexicon/ru/core/namespace
[2016-12-12 23:58:03] (ERROR @ D:\OpenServer\domains\turistic\core\model\phpthumb\modphpthumb.class.php : 121) phpThumb was unable to generate a thumbnail for: D:\OpenServer\domains\turistic\core\cache\phpthumb\turistic__src39b9e197052b08b5c70219b95a88f945_par0ba78bb0326502335f8683fdf331013a_dat1473522114.jpeg
[2016-12-12 23:58:03] (ERROR @ D:\OpenServer\domains\turistic\core\model\phpthumb\modphpthumb.class.php : 133) Error outputting thumbnail:
OutputThumbnail() failed because !is_resource($this->gdimg_output) in file "phpthumb.class.php" on line 618
[2016-12-12 23:58:38] (ERROR @ D:\OpenServer\domains\turistic\core\model\phpthumb\modphpthumb.class.php : 121) phpThumb was unable to generate a thumbnail for: D:\OpenServer\domains\turistic\core\cache\phpthumb\turistic__src39b9e197052b08b5c70219b95a88f945_par0ba78bb0326502335f8683fdf331013a_dat1473522114.jpeg
[2016-12-12 23:58:38] (ERROR @ D:\OpenServer\domains\turistic\core\model\phpthumb\modphpthumb.class.php : 133) Error outputting thumbnail:
OutputThumbnail() failed because !is_resource($this->gdimg_output) in file "phpthumb.class.php" on line 618
[2016-12-13 00:36:43] (ERROR @ D:\OpenServer\domains\turistic\core\model\phpthumb\modphpthumb.class.php : 121) phpThumb was unable to generate a thumbnail for: D:\OpenServer\domains\turistic\core\cache\phpthumb\turistic__src39b9e197052b08b5c70219b95a88f945_par0ba78bb0326502335f8683fdf331013a_dat1473522114.jpeg
[2016-12-13 00:36:43] (ERROR @ D:\OpenServer\domains\turistic\core\model\phpthumb\modphpthumb.class.php : 133) Error outputting thumbnail:
OutputThumbnail() failed because !is_resource($this->gdimg_output) in file "phpthumb.class.php" on line 618
[2016-12-13 00:43:32] (ERROR @ D:\OpenServer\domains\turistic\core\model\phpthumb\modphpthumb.class.php : 121) phpThumb was unable to generate a thumbnail for: D:\OpenServer\domains\turistic\core\cache\phpthumb\turistic__src39b9e197052b08b5c70219b95a88f945_par0ba78bb0326502335f8683fdf331013a_dat1473522114.jpeg
[2016-12-13 00:43:32] (ERROR @ D:\OpenServer\domains\turistic\core\model\phpthumb\modphpthumb.class.php : 133) Error outputting thumbnail:
OutputThumbnail() failed because !is_resource($this->gdimg_output) in file "phpthumb.class.php" on line 618
[2016-12-13 00:45:25] (ERROR @ D:\OpenServer\domains\turistic\core\model\phpthumb\modphpthumb.class.php : 121) phpThumb was unable to generate a thumbnail for: D:\OpenServer\domains\turistic\core\cache\phpthumb\turistic__src39b9e197052b08b5c70219b95a88f945_par0ba78bb0326502335f8683fdf331013a_dat1473522114.jpeg
[2016-12-13 00:45:25] (ERROR @ D:\OpenServer\domains\turistic\core\model\phpthumb\modphpthumb.class.php : 133) Error outputting thumbnail:
OutputThumbnail() failed because !is_resource($this->gdimg_output) in file "phpthumb.class.php" on line 618
[2016-12-13 23:39:58] (ERROR @ D:\OpenServer\domains\turistic\core\model\modx\modcachemanager.class.php : 344) Error caching lexicon topic lexicon/ru/core/resource
[2016-12-13 23:55:40] (ERROR @ D:\OpenServer\domains\turistic\core\components\collections\model\collections\collections.class.php : 113) PHP warning: explode() expects parameter 2 to be string, array given
[2016-12-13 23:55:40] (ERROR @ D:\OpenServer\domains\turistic\core\components\collections\model\collections\collections.class.php : 114) PHP warning: array_map(): Argument #2 should be an array
[2016-12-13 23:55:40] (ERROR @ D:\OpenServer\domains\turistic\core\components\collections\model\collections\collections.class.php : 117) PHP warning: array_flip() expects parameter 1 to be array, null given
[2016-12-13 23:55:40] (ERROR @ D:\OpenServer\domains\turistic\core\components\collections\model\collections\collections.class.php : 117) PHP warning: array_keys() expects parameter 1 to be array, null given
[2016-12-13 23:55:40] (ERROR @ D:\OpenServer\domains\turistic\core\components\collections\model\collections\collections.class.php : 120) PHP warning: array_filter() expects parameter 1 to be array, null given
[2016-12-13 23:55:40] (ERROR @ D:\OpenServer\domains\turistic\core\components\collections\model\collections\collections.class.php : 113) PHP warning: explode() expects parameter 2 to be string, array given
[2016-12-13 23:55:40] (ERROR @ D:\OpenServer\domains\turistic\core\components\collections\model\collections\collections.class.php : 114) PHP warning: array_map(): Argument #2 should be an array
[2016-12-13 23:55:40] (ERROR @ D:\OpenServer\domains\turistic\core\components\collections\model\collections\collections.class.php : 117) PHP warning: array_flip() expects parameter 1 to be array, null given
[2016-12-13 23:55:40] (ERROR @ D:\OpenServer\domains\turistic\core\components\collections\model\collections\collections.class.php : 117) PHP warning: array_keys() expects parameter 1 to be array, null given
[2016-12-13 23:55:40] (ERROR @ D:\OpenServer\domains\turistic\core\components\collections\model\collections\collections.class.php : 120) PHP warning: array_filter() expects parameter 1 to be array, null given
[2016-12-14 00:41:47] (ERROR @ D:\OpenServer\domains\turistic\core\xpdo\om\xpdoobject.class.php : 811) modTemplateVarTemplate: Attempt to set NOT NULL field rank to NULL
[2016-12-14 00:47:10] (ERROR @ D:\OpenServer\domains\turistic\core\model\modx\modcachemanager.class.php : 344) Error caching lexicon topic lexicon/ru/core/action
[2016-12-14 00:47:10] (ERROR @ D:\OpenServer\domains\turistic\core\model\modx\modcachemanager.class.php : 344) Error caching lexicon topic lexicon/ru/core/tv_widget
[2016-12-14 00:47:10] (ERROR @ D:\OpenServer\domains\turistic\core\model\modx\modcachemanager.class.php : 344) Error caching lexicon topic lexicon/en/core/source
[2016-12-14 00:47:10] (ERROR @ D:\OpenServer\domains\turistic\core\model\modx\modcachemanager.class.php : 344) Error caching lexicon topic lexicon/ru/core/source
[2016-12-14 00:47:10] (ERROR @ D:\OpenServer\domains\turistic\core\model\modx\modcachemanager.class.php : 344) Error caching lexicon topic lexicon/en/codemirror/properties
[2016-12-14 00:47:10] (ERROR @ D:\OpenServer\domains\turistic\core\model\modx\modcachemanager.class.php : 344) Error caching lexicon topic lexicon/ru/codemirror/properties
[2016-12-14 00:47:10] (ERROR @ D:\OpenServer\domains\turistic\core\model\modx\modcachemanager.class.php : 509) Error caching script elements/modplugin/1
[2016-12-14 00:51:27] (ERROR @ D:\OpenServer\domains\turistic\core\model\modx\modcachemanager.class.php : 344) Error caching lexicon topic lexicon/ru/core/topmenu
[2016-12-14 00:51:27] (ERROR @ D:\OpenServer\domains\turistic\core\model\modx\modcachemanager.class.php : 344) Error caching lexicon topic lexicon/ru/core/action
[2016-12-14 00:51:27] (ERROR @ D:\OpenServer\domains\turistic\core\xpdo\om\xpdoobject.class.php : 1452) Error 23000 executing statement:
INSERT INTO `modx_register_messages` (`topic`, `id`, `created`, `valid`, `accesses`, `expires`, `payload`, `kill`) VALUES (1, 'c51ce410c124a10e0db5e4b97fc2af39', '2016-12-14 00:51:27', '2016-12-14 00:51:27', 0, 1481666247, 'if (time() > 1481666247) return null;\nreturn 1;\n', 0)
Array
(
    [0] => 23000
    [1] => 1062
    [2] => Duplicate entry '1-c51ce410c124a10e0db5e4b97fc2af39' for key 'PRIMARY'
)

[2016-12-14 00:51:27] (ERROR @ D:\OpenServer\domains\turistic\core\model\modx\registry\moddbregister.class.php : 279) Could not send message to queue 1, topic /resource/. Message payload is Array
(
    [c51ce410c124a10e0db5e4b97fc2af39] => 1
)

[2016-12-14 00:51:27] (ERROR @ D:\OpenServer\domains\turistic\core\model\modx\modcachemanager.class.php : 509) Error caching script elements/modplugin/6
[2016-12-14 22:12:41] (ERROR @ D:\OpenServer\domains\turistic\core\model\modx\modcachemanager.class.php : 344) Error caching lexicon topic lexicon/ru/core/source
[2016-12-14 23:04:27] (ERROR @ D:\OpenServer\domains\turistic\core\model\modx\modcachemanager.class.php : 317) Could not cache resource 5
[2016-12-14 23:36:43] (ERROR @ D:\OpenServer\domains\turistic\core\model\modx\modcachemanager.class.php : 317) Could not cache resource 5
[2016-12-14 23:48:16] (ERROR @ D:\OpenServer\domains\turistic\core\model\modx\modcachemanager.class.php : 317) Could not cache resource 5
[2016-12-14 23:48:42] (ERROR @ D:\OpenServer\domains\turistic\core\model\modx\modcachemanager.class.php : 317) Could not cache resource 5
[2016-12-15 20:13:04] (ERROR @ D:\OpenServer\domains\turistic\core\components\pdotools\model\pdotools\pdofetch.class.php : 171) [pdoTools] Error 42000: You have an error in your SQL syntax; check the manual that corresponds to your MySQL server version for the right syntax to use near '` DESC LIMIT 3' at line 1
[2016-12-15 20:13:20] (ERROR @ D:\OpenServer\domains\turistic\core\components\pdotools\model\pdotools\pdofetch.class.php : 171) [pdoTools] Error 42000: You have an error in your SQL syntax; check the manual that corresponds to your MySQL server version for the right syntax to use near '` DESC LIMIT 3' at line 1
[2016-12-15 20:13:41] (ERROR @ D:\OpenServer\domains\turistic\core\components\pdotools\model\pdotools\pdofetch.class.php : 171) [pdoTools] Error 42000: You have an error in your SQL syntax; check the manual that corresponds to your MySQL server version for the right syntax to use near '` DESC LIMIT 3' at line 1
[2016-12-15 20:49:11] (ERROR @ D:\OpenServer\domains\turistic\core\model\modx\modcachemanager.class.php : 344) Error caching lexicon topic lexicon/en/pdotools/pdopage
[2016-12-15 20:49:11] (ERROR @ D:\OpenServer\domains\turistic\core\model\modx\modcachemanager.class.php : 317) Could not cache resource 5
[2016-12-16 00:17:55] (ERROR @ D:\OpenServer\domains\turistic\core\model\modx\modcachemanager.class.php : 344) Error caching lexicon topic lexicon/ru/core/resource
[2016-12-16 00:28:17] (ERROR @ D:\OpenServer\domains\turistic\core\model\modx\modx.class.php : 991) `[[id]]` is not a valid integer and may not be passed to makeUrl()
[2016-12-16 00:29:02] (ERROR @ D:\OpenServer\domains\turistic\core\model\modx\modx.class.php : 991) `[[id]]` is not a valid integer and may not be passed to makeUrl()
[2016-12-16 00:29:24] (ERROR @ D:\OpenServer\domains\turistic\core\model\modx\modx.class.php : 991) `[[id]]` is not a valid integer and may not be passed to makeUrl()
[2016-12-16 00:30:01] (ERROR @ D:\OpenServer\domains\turistic\core\model\modx\modx.class.php : 991) `[[+id]]` is not a valid integer and may not be passed to makeUrl()
[2016-12-16 00:31:35] (ERROR @ D:\OpenServer\domains\turistic\core\model\modx\modx.class.php : 991) `[[+id]]` is not a valid integer and may not be passed to makeUrl()
[2016-12-16 00:31:49] (ERROR @ D:\OpenServer\domains\turistic\core\model\modx\modx.class.php : 991) `[[+id]]` is not a valid integer and may not be passed to makeUrl()
[2016-12-16 00:34:27] (ERROR @ D:\OpenServer\domains\turistic\core\model\modx\modx.class.php : 991) `[[+id]]` is not a valid integer and may not be passed to makeUrl()
[2016-12-16 00:39:23] (ERROR @ D:\OpenServer\domains\turistic\core\model\modx\modx.class.php : 991) `[[+id]]` is not a valid integer and may not be passed to makeUrl()
[2016-12-16 00:39:28] (ERROR @ D:\OpenServer\domains\turistic\core\model\modx\modx.class.php : 991) `[[+id]]` is not a valid integer and may not be passed to makeUrl()
[2016-12-16 00:39:33] (ERROR @ D:\OpenServer\domains\turistic\core\model\modx\modx.class.php : 991) `[[+id]]` is not a valid integer and may not be passed to makeUrl()
[2016-12-16 00:42:37] (ERROR @ D:\OpenServer\domains\turistic\core\model\modx\modx.class.php : 991) `[[+id]]` is not a valid integer and may not be passed to makeUrl()
[2016-12-16 00:42:37] (ERROR @ D:\OpenServer\domains\turistic\core\model\modx\modx.class.php : 991) `[[+id]]` is not a valid integer and may not be passed to makeUrl()
[2016-12-16 00:42:37] (ERROR @ D:\OpenServer\domains\turistic\core\model\modx\modx.class.php : 991) `[[+id]]` is not a valid integer and may not be passed to makeUrl()
[2016-12-17 00:28:34] (ERROR @ D:\OpenServer\domains\turistic\core\model\modx\rest\modrestclient.class.php : 241) Could not connect to provider at: http://rest.modx.com/extras/
[2016-12-17 00:43:46] (ERROR @ D:\OpenServer\domains\turistic\core\model\modx\modx.class.php : 991) `[[+landing]]` is not a valid integer and may not be passed to makeUrl()
[2016-12-17 00:45:55] (ERROR @ D:\OpenServer\domains\turistic\core\model\modx\modx.class.php : 991) `[[+landing]]` is not a valid integer and may not be passed to makeUrl()
[2016-12-17 00:46:48] (ERROR @ D:\OpenServer\domains\turistic\core\model\modx\modx.class.php : 991) `[[+landing]]` is not a valid integer and may not be passed to makeUrl()
[2016-12-17 00:46:55] (ERROR @ D:\OpenServer\domains\turistic\core\model\modx\modx.class.php : 991) `[[+landing]]` is not a valid integer and may not be passed to makeUrl()
[2016-12-17 00:46:59] (ERROR @ D:\OpenServer\domains\turistic\core\model\modx\modx.class.php : 991) `[[+landing]]` is not a valid integer and may not be passed to makeUrl()
[2016-12-17 00:47:58] (ERROR @ D:\OpenServer\domains\turistic\core\model\modx\modx.class.php : 991) `[[+landing]]` is not a valid integer and may not be passed to makeUrl()
[2016-12-17 00:48:02] (ERROR @ D:\OpenServer\domains\turistic\core\model\modx\modx.class.php : 991) `[[+landing]]` is not a valid integer and may not be passed to makeUrl()
[2016-12-17 00:49:35] (ERROR @ D:\OpenServer\domains\turistic\core\model\modx\modx.class.php : 991) `[[+landing]]` is not a valid integer and may not be passed to makeUrl()
[2016-12-17 00:49:40] (ERROR @ D:\OpenServer\domains\turistic\core\model\modx\modx.class.php : 991) `[[+landing]]` is not a valid integer and may not be passed to makeUrl()
[2016-12-17 00:51:06] (ERROR @ D:\OpenServer\domains\turistic\core\model\modx\modx.class.php : 991) `[[+landing]]` is not a valid integer and may not be passed to makeUrl()
[2016-12-17 00:51:11] (ERROR @ D:\OpenServer\domains\turistic\core\model\modx\modx.class.php : 991) `[[+landing]]` is not a valid integer and may not be passed to makeUrl()
[2016-12-17 00:52:13] (ERROR @ D:\OpenServer\domains\turistic\core\model\modx\modx.class.php : 991) `[[+landing]]` is not a valid integer and may not be passed to makeUrl()
[2016-12-17 00:53:57] (ERROR @ D:\OpenServer\domains\turistic\core\model\modx\modx.class.php : 991) `[[+landing]]` is not a valid integer and may not be passed to makeUrl()
[2016-12-17 00:54:03] (ERROR @ D:\OpenServer\domains\turistic\core\model\modx\modx.class.php : 991) `[[+landing]]` is not a valid integer and may not be passed to makeUrl()
[2016-12-17 00:55:20] (ERROR @ D:\OpenServer\domains\turistic\core\model\modx\modx.class.php : 991) `[[+landing]]` is not a valid integer and may not be passed to makeUrl()
[2016-12-17 00:55:39] (ERROR @ D:\OpenServer\domains\turistic\core\model\modx\modx.class.php : 991) `[[+landing]]` is not a valid integer and may not be passed to makeUrl()
[2016-12-17 00:55:44] (ERROR @ D:\OpenServer\domains\turistic\core\model\modx\modx.class.php : 991) `[[+landing]]` is not a valid integer and may not be passed to makeUrl()
[2016-12-17 00:58:25] (ERROR @ D:\OpenServer\domains\turistic\core\model\modx\modx.class.php : 991) `[[+landing]]` is not a valid integer and may not be passed to makeUrl()
[2016-12-17 00:58:32] (ERROR @ D:\OpenServer\domains\turistic\core\model\modx\modx.class.php : 991) `[[+landing]]` is not a valid integer and may not be passed to makeUrl()
[2016-12-17 01:00:30] (ERROR @ D:\OpenServer\domains\turistic\core\model\modx\modx.class.php : 991) `[[+landing]]` is not a valid integer and may not be passed to makeUrl()
[2016-12-17 16:07:53] (ERROR @ D:\OpenServer\domains\turistic\core\components\pdotools\model\pdotools\pdofetch.class.php : 573) [pdoTools] Could not join TVs to the class "TaggerTagResource" that is not a subclass of the "modResource". Try to specify correct class in the "joinTVsTo" parameter.
[2016-12-17 16:08:49] (ERROR @ D:\OpenServer\domains\turistic\core\components\pdotools\model\pdotools\pdofetch.class.php : 573) [pdoTools] Could not join TVs to the class "TaggerTagResource" that is not a subclass of the "modResource". Try to specify correct class in the "joinTVsTo" parameter.
[2016-12-17 16:10:42] (ERROR @ D:\OpenServer\domains\turistic\core\components\pdotools\model\pdotools\pdofetch.class.php : 573) [pdoTools] Could not join TVs to the class "TaggerTagResource" that is not a subclass of the "modResource". Try to specify correct class in the "joinTVsTo" parameter.
[2016-12-17 16:11:45] (ERROR @ D:\OpenServer\domains\turistic\core\components\pdotools\model\pdotools\pdofetch.class.php : 573) [pdoTools] Could not join TVs to the class "TaggerTagResource" that is not a subclass of the "modResource". Try to specify correct class in the "joinTVsTo" parameter.
[2016-12-17 16:11:47] (ERROR @ D:\OpenServer\domains\turistic\core\components\pdotools\model\pdotools\pdofetch.class.php : 573) [pdoTools] Could not join TVs to the class "TaggerTagResource" that is not a subclass of the "modResource". Try to specify correct class in the "joinTVsTo" parameter.
[2016-12-17 16:13:22] (ERROR @ D:\OpenServer\domains\turistic\core\components\pdotools\model\pdotools\pdofetch.class.php : 573) [pdoTools] Could not join TVs to the class "TaggerTagResource" that is not a subclass of the "modResource". Try to specify correct class in the "joinTVsTo" parameter.
[2016-12-17 16:16:52] (ERROR @ D:\OpenServer\domains\turistic\core\components\pdotools\model\pdotools\pdofetch.class.php : 573) [pdoTools] Could not join TVs to the class "TaggerTagResource" that is not a subclass of the "modResource". Try to specify correct class in the "joinTVsTo" parameter.
[2016-12-17 16:17:44] (ERROR @ D:\OpenServer\domains\turistic\core\components\pdotools\model\pdotools\pdofetch.class.php : 573) [pdoTools] Could not join TVs to the class "TaggerTagResource" that is not a subclass of the "modResource". Try to specify correct class in the "joinTVsTo" parameter.
[2016-12-17 16:20:52] (ERROR @ D:\OpenServer\domains\turistic\core\components\pdotools\model\pdotools\pdofetch.class.php : 573) [pdoTools] Could not join TVs to the class "TaggerTagResource" that is not a subclass of the "modResource". Try to specify correct class in the "joinTVsTo" parameter.
[2016-12-17 16:21:00] (ERROR @ D:\OpenServer\domains\turistic\core\components\pdotools\model\pdotools\pdofetch.class.php : 573) [pdoTools] Could not join TVs to the class "TaggerTagResource" that is not a subclass of the "modResource". Try to specify correct class in the "joinTVsTo" parameter.
[2016-12-17 16:21:04] (ERROR @ D:\OpenServer\domains\turistic\core\components\pdotools\model\pdotools\pdofetch.class.php : 573) [pdoTools] Could not join TVs to the class "TaggerTagResource" that is not a subclass of the "modResource". Try to specify correct class in the "joinTVsTo" parameter.
[2016-12-17 16:21:11] (ERROR @ D:\OpenServer\domains\turistic\core\components\pdotools\model\pdotools\pdofetch.class.php : 573) [pdoTools] Could not join TVs to the class "TaggerTagResource" that is not a subclass of the "modResource". Try to specify correct class in the "joinTVsTo" parameter.
[2016-12-17 16:37:15] (ERROR @ D:\OpenServer\domains\turistic\core\components\pdotools\model\pdotools\pdofetch.class.php : 171) [pdoTools] Error 42S22: Unknown column 'publishedon' in 'order clause'
[2016-12-17 16:45:47] (ERROR @ D:\OpenServer\domains\turistic\core\components\pdotools\model\pdotools\pdofetch.class.php : 573) [pdoTools] Could not join TVs to the class "TaggerTagResource" that is not a subclass of the "modResource". Try to specify correct class in the "joinTVsTo" parameter.
[2016-12-17 16:46:29] (ERROR @ D:\OpenServer\domains\turistic\core\components\pdotools\model\pdotools\pdofetch.class.php : 171) [pdoTools] Error 42S22: Unknown column 'publishedon' in 'order clause'
[2016-12-17 16:53:15] (ERROR @ D:\OpenServer\domains\turistic\core\components\pdotools\model\pdotools\pdofetch.class.php : 171) [pdoTools] Error 42S22: Unknown column 'publishedon' in 'order clause'
[2016-12-17 16:53:19] (ERROR @ D:\OpenServer\domains\turistic\core\components\pdotools\model\pdotools\pdofetch.class.php : 171) [pdoTools] Error 42S22: Unknown column 'publishedon' in 'order clause'
[2016-12-17 16:53:47] (ERROR @ D:\OpenServer\domains\turistic\core\components\pdotools\model\pdotools\pdofetch.class.php : 573) [pdoTools] Could not join TVs to the class "TaggerTagResource" that is not a subclass of the "modResource". Try to specify correct class in the "joinTVsTo" parameter.
[2016-12-17 16:57:29] (ERROR @ D:\OpenServer\domains\turistic\core\components\pdotools\model\pdotools\pdofetch.class.php : 573) [pdoTools] Could not join TVs to the class "TaggerTagResource" that is not a subclass of the "modResource". Try to specify correct class in the "joinTVsTo" parameter.
[2016-12-17 16:59:55] (ERROR @ D:\OpenServer\domains\turistic\core\components\pdotools\model\pdotools\pdofetch.class.php : 171) [pdoTools] Error 42S22: Unknown column 'Posts.image' in 'field list'
[2016-12-17 17:00:09] (ERROR @ D:\OpenServer\domains\turistic\core\components\pdotools\model\pdotools\pdofetch.class.php : 171) [pdoTools] Error 42S22: Unknown column 'Posts.tv.image' in 'field list'
[2016-12-17 17:00:11] (ERROR @ D:\OpenServer\domains\turistic\core\components\pdotools\model\pdotools\pdofetch.class.php : 171) [pdoTools] Error 42S22: Unknown column 'Posts.tv.image' in 'field list'
[2016-12-17 17:02:04] (ERROR @ D:\OpenServer\domains\turistic\core\components\pdotools\model\pdotools\pdofetch.class.php : 171) [pdoTools] Error 42000: You have an error in your SQL syntax; check the manual that corresponds to your MySQL server version for the right syntax to use near '['tv.image'] FROM `modx_tagger_tag_resources` AS `TaggerTagResource` LEFT JOIN `' at line 1
[2016-12-17 17:14:55] (ERROR @ D:\OpenServer\domains\turistic\core\components\pdotools\model\pdotools\pdofetch.class.php : 171) [pdoTools] Error 42S22: Unknown column 'image' in 'field list'
[2016-12-17 17:15:15] (ERROR @ D:\OpenServer\domains\turistic\core\components\pdotools\model\pdotools\pdofetch.class.php : 573) [pdoTools] Could not join TVs to the class "TaggerTagResource" that is not a subclass of the "modResource". Try to specify correct class in the "joinTVsTo" parameter.
[2016-12-17 17:20:50] (ERROR @ D:\OpenServer\domains\turistic\core\components\pdotools\model\pdotools\pdofetch.class.php : 573) [pdoTools] Could not join TVs to the class "TaggerTagResource" that is not a subclass of the "modResource". Try to specify correct class in the "joinTVsTo" parameter.
[2016-12-17 17:20:50] (ERROR @ D:\OpenServer\domains\turistic\core\components\pdotools\model\pdotools\pdofetch.class.php : 171) [pdoTools] Error 42S22: Unknown column 'TaggerTagResources.tag' in 'field list'
[2016-12-17 17:20:59] (ERROR @ D:\OpenServer\domains\turistic\core\components\pdotools\model\pdotools\pdofetch.class.php : 171) [pdoTools] Error 42S22: Unknown column 'TaggerTagResources.tag' in 'field list'
[2016-12-17 17:23:22] (ERROR @ D:\OpenServer\domains\turistic\core\components\pdotools\model\pdotools\pdofetch.class.php : 171) [pdoTools] Error 42S22: Unknown column 'TaggerTagResources.tag' in 'field list'
[2016-12-17 17:23:26] (ERROR @ D:\OpenServer\domains\turistic\core\components\pdotools\model\pdotools\pdofetch.class.php : 171) [pdoTools] Error 42S22: Unknown column 'TaggerTagResources.tag' in 'field list'
[2016-12-17 17:23:41] (ERROR @ D:\OpenServer\domains\turistic\core\components\pdotools\model\pdotools\pdofetch.class.php : 171) [pdoTools] Error 42S22: Unknown column 'TaggerTagResources.tag' in 'field list'
[2016-12-17 17:23:43] (ERROR @ D:\OpenServer\domains\turistic\core\components\pdotools\model\pdotools\pdofetch.class.php : 171) [pdoTools] Error 42S22: Unknown column 'TaggerTagResources.tag' in 'field list'
[2016-12-17 17:24:23] (ERROR @ D:\OpenServer\domains\turistic\core\components\pdotools\model\pdotools\pdofetch.class.php : 171) [pdoTools] Error 42S22: Unknown column 'TaggerTagResources.tag' in 'field list'
[2016-12-17 17:24:25] (ERROR @ D:\OpenServer\domains\turistic\core\components\pdotools\model\pdotools\pdofetch.class.php : 171) [pdoTools] Error 42S22: Unknown column 'TaggerTagResources.tag' in 'field list'
[2016-12-17 17:24:27] (ERROR @ D:\OpenServer\domains\turistic\core\components\pdotools\model\pdotools\pdofetch.class.php : 171) [pdoTools] Error 42S22: Unknown column 'TaggerTagResources.tag' in 'field list'
[2016-12-17 17:25:29] (ERROR @ D:\OpenServer\domains\turistic\core\components\pdotools\model\pdotools\pdofetch.class.php : 573) [pdoTools] Could not join TVs to the class "TaggerTagResource" that is not a subclass of the "modResource". Try to specify correct class in the "joinTVsTo" parameter.
[2016-12-17 17:25:29] (ERROR @ D:\OpenServer\domains\turistic\core\xpdo\xpdo.class.php : 643) Could not load class: Show-posts from mysql.show-posts.
[2016-12-17 17:25:29] (ERROR @ D:\OpenServer\domains\turistic\core\components\pdotools\model\pdotools\pdofetch.class.php : 171) [pdoTools] Error 42S22: Unknown column 'Posts.id' in 'field list'
[2016-12-17 17:25:58] (ERROR @ D:\OpenServer\domains\turistic\core\components\pdotools\model\pdotools\pdofetch.class.php : 573) [pdoTools] Could not join TVs to the class "TaggerTagResource" that is not a subclass of the "modResource". Try to specify correct class in the "joinTVsTo" parameter.
[2016-12-17 17:26:04] (ERROR @ D:\OpenServer\domains\turistic\core\components\pdotools\model\pdotools\pdofetch.class.php : 573) [pdoTools] Could not join TVs to the class "TaggerTagResource" that is not a subclass of the "modResource". Try to specify correct class in the "joinTVsTo" parameter.
[2016-12-17 17:35:41] (ERROR @ D:\OpenServer\domains\turistic\core\components\pdotools\model\pdotools\pdofetch.class.php : 573) [pdoTools] Could not join TVs to the class "TaggerTagResource" that is not a subclass of the "modResource". Try to specify correct class in the "joinTVsTo" parameter.
[2016-12-17 17:35:41] (ERROR @ D:\OpenServer\domains\turistic\core\model\modx\modx.class.php : 991) `[[+id]]` is not a valid integer and may not be passed to makeUrl()
[2016-12-17 17:35:41] (ERROR @ D:\OpenServer\domains\turistic\core\model\modx\modx.class.php : 991) `[[+id]]` is not a valid integer and may not be passed to makeUrl()
[2016-12-17 17:35:41] (ERROR @ D:\OpenServer\domains\turistic\core\model\modx\modx.class.php : 991) `[[+id]]` is not a valid integer and may not be passed to makeUrl()
[2016-12-17 17:36:53] (ERROR @ D:\OpenServer\domains\turistic\core\components\pdotools\model\pdotools\pdofetch.class.php : 573) [pdoTools] Could not join TVs to the class "TaggerTagResource" that is not a subclass of the "modResource". Try to specify correct class in the "joinTVsTo" parameter.
[2016-12-17 17:36:53] (ERROR @ D:\OpenServer\domains\turistic\core\components\pdotools\model\pdotools\pdofetch.class.php : 171) [pdoTools] Error 42S22: Unknown column 'Tv.value' in 'field list'
[2016-12-17 17:38:23] (ERROR @ D:\OpenServer\domains\turistic\core\components\pdotools\model\pdotools\pdofetch.class.php : 573) [pdoTools] Could not join TVs to the class "TaggerTagResource" that is not a subclass of the "modResource". Try to specify correct class in the "joinTVsTo" parameter.
[2016-12-17 17:40:38] (ERROR @ D:\OpenServer\domains\turistic\core\components\pdotools\model\pdotools\pdofetch.class.php : 573) [pdoTools] Could not join TVs to the class "TaggerTagResource" that is not a subclass of the "modResource". Try to specify correct class in the "joinTVsTo" parameter.
[2016-12-17 17:41:33] (ERROR @ D:\OpenServer\domains\turistic\core\components\pdotools\model\pdotools\pdofetch.class.php : 573) [pdoTools] Could not join TVs to the class "TaggerTagResource" that is not a subclass of the "modResource". Try to specify correct class in the "joinTVsTo" parameter.
[2016-12-17 17:41:55] (ERROR @ D:\OpenServer\domains\turistic\core\components\pdotools\model\pdotools\pdofetch.class.php : 573) [pdoTools] Could not join TVs to the class "TaggerTagResource" that is not a subclass of the "modResource". Try to specify correct class in the "joinTVsTo" parameter.
[2016-12-17 17:42:06] (ERROR @ D:\OpenServer\domains\turistic\core\components\pdotools\model\pdotools\pdofetch.class.php : 573) [pdoTools] Could not join TVs to the class "TaggerTagResource" that is not a subclass of the "modResource". Try to specify correct class in the "joinTVsTo" parameter.
[2016-12-17 17:51:32] (ERROR @ D:\OpenServer\domains\turistic\core\components\pdotools\model\pdotools\pdofetch.class.php : 573) [pdoTools] Could not join TVs to the class "TaggerTagResource" that is not a subclass of the "modResource". Try to specify correct class in the "joinTVsTo" parameter.
[2016-12-17 17:51:54] (ERROR @ D:\OpenServer\domains\turistic\core\components\pdotools\model\pdotools\pdofetch.class.php : 573) [pdoTools] Could not join TVs to the class "TaggerTagResource" that is not a subclass of the "modResource". Try to specify correct class in the "joinTVsTo" parameter.
[2016-12-17 17:59:26] (ERROR @ D:\OpenServer\domains\turistic\core\components\pdotools\model\pdotools\pdofetch.class.php : 573) [pdoTools] Could not join TVs to the class "TaggerTagResource" that is not a subclass of the "modResource". Try to specify correct class in the "joinTVsTo" parameter.
[2016-12-17 17:59:38] (ERROR @ D:\OpenServer\domains\turistic\core\components\pdotools\model\pdotools\pdofetch.class.php : 573) [pdoTools] Could not join TVs to the class "TaggerTagResource" that is not a subclass of the "modResource". Try to specify correct class in the "joinTVsTo" parameter.
[2016-12-17 18:00:24] (ERROR @ D:\OpenServer\domains\turistic\core\components\pdotools\model\pdotools\pdofetch.class.php : 573) [pdoTools] Could not join TVs to the class "TaggerTagResource" that is not a subclass of the "modResource". Try to specify correct class in the "joinTVsTo" parameter.
[2016-12-17 18:00:37] (ERROR @ D:\OpenServer\domains\turistic\core\components\pdotools\model\pdotools\pdofetch.class.php : 573) [pdoTools] Could not join TVs to the class "TaggerTagResource" that is not a subclass of the "modResource". Try to specify correct class in the "joinTVsTo" parameter.
[2016-12-17 18:00:40] (ERROR @ D:\OpenServer\domains\turistic\core\components\pdotools\model\pdotools\pdofetch.class.php : 573) [pdoTools] Could not join TVs to the class "TaggerTagResource" that is not a subclass of the "modResource". Try to specify correct class in the "joinTVsTo" parameter.
[2016-12-17 18:00:57] (ERROR @ D:\OpenServer\domains\turistic\core\components\pdotools\model\pdotools\pdofetch.class.php : 573) [pdoTools] Could not join TVs to the class "TaggerTagResource" that is not a subclass of the "modResource". Try to specify correct class in the "joinTVsTo" parameter.
[2016-12-17 18:00:59] (ERROR @ D:\OpenServer\domains\turistic\core\components\pdotools\model\pdotools\pdofetch.class.php : 573) [pdoTools] Could not join TVs to the class "TaggerTagResource" that is not a subclass of the "modResource". Try to specify correct class in the "joinTVsTo" parameter.
[2016-12-17 18:01:03] (ERROR @ D:\OpenServer\domains\turistic\core\components\pdotools\model\pdotools\pdofetch.class.php : 573) [pdoTools] Could not join TVs to the class "TaggerTagResource" that is not a subclass of the "modResource". Try to specify correct class in the "joinTVsTo" parameter.
[2016-12-17 18:02:10] (ERROR @ D:\OpenServer\domains\turistic\core\components\pdotools\model\pdotools\pdofetch.class.php : 573) [pdoTools] Could not join TVs to the class "TaggerTagResource" that is not a subclass of the "modResource". Try to specify correct class in the "joinTVsTo" parameter.
[2016-12-17 18:02:12] (ERROR @ D:\OpenServer\domains\turistic\core\components\pdotools\model\pdotools\pdofetch.class.php : 573) [pdoTools] Could not join TVs to the class "TaggerTagResource" that is not a subclass of the "modResource". Try to specify correct class in the "joinTVsTo" parameter.
[2016-12-17 18:02:17] (ERROR @ D:\OpenServer\domains\turistic\core\components\pdotools\model\pdotools\pdofetch.class.php : 573) [pdoTools] Could not join TVs to the class "TaggerTagResource" that is not a subclass of the "modResource". Try to specify correct class in the "joinTVsTo" parameter.
[2016-12-17 18:02:23] (ERROR @ D:\OpenServer\domains\turistic\core\components\pdotools\model\pdotools\pdofetch.class.php : 573) [pdoTools] Could not join TVs to the class "TaggerTagResource" that is not a subclass of the "modResource". Try to specify correct class in the "joinTVsTo" parameter.
[2016-12-17 18:02:25] (ERROR @ D:\OpenServer\domains\turistic\core\components\pdotools\model\pdotools\pdofetch.class.php : 573) [pdoTools] Could not join TVs to the class "TaggerTagResource" that is not a subclass of the "modResource". Try to specify correct class in the "joinTVsTo" parameter.
[2016-12-17 18:02:29] (ERROR @ D:\OpenServer\domains\turistic\core\components\pdotools\model\pdotools\pdofetch.class.php : 573) [pdoTools] Could not join TVs to the class "TaggerTagResource" that is not a subclass of the "modResource". Try to specify correct class in the "joinTVsTo" parameter.
[2016-12-17 18:03:25] (ERROR @ D:\OpenServer\domains\turistic\core\components\pdotools\model\pdotools\pdofetch.class.php : 573) [pdoTools] Could not join TVs to the class "TaggerTagResource" that is not a subclass of the "modResource". Try to specify correct class in the "joinTVsTo" parameter.
[2016-12-17 18:03:53] (ERROR @ D:\OpenServer\domains\turistic\core\components\pdotools\model\pdotools\pdofetch.class.php : 573) [pdoTools] Could not join TVs to the class "TaggerTagResource" that is not a subclass of the "modResource". Try to specify correct class in the "joinTVsTo" parameter.
[2016-12-17 18:05:53] (ERROR @ D:\OpenServer\domains\turistic\core\components\pdotools\model\pdotools\pdofetch.class.php : 573) [pdoTools] Could not join TVs to the class "TaggerTagResource" that is not a subclass of the "modResource". Try to specify correct class in the "joinTVsTo" parameter.
[2016-12-17 18:05:57] (ERROR @ D:\OpenServer\domains\turistic\core\components\pdotools\model\pdotools\pdofetch.class.php : 573) [pdoTools] Could not join TVs to the class "TaggerTagResource" that is not a subclass of the "modResource". Try to specify correct class in the "joinTVsTo" parameter.
[2016-12-17 18:06:00] (ERROR @ D:\OpenServer\domains\turistic\core\components\pdotools\model\pdotools\pdofetch.class.php : 573) [pdoTools] Could not join TVs to the class "TaggerTagResource" that is not a subclass of the "modResource". Try to specify correct class in the "joinTVsTo" parameter.
[2016-12-17 18:08:17] (ERROR @ D:\OpenServer\domains\turistic\core\components\pdotools\model\pdotools\pdofetch.class.php : 573) [pdoTools] Could not join TVs to the class "TaggerTagResource" that is not a subclass of the "modResource". Try to specify correct class in the "joinTVsTo" parameter.
[2016-12-17 18:08:22] (ERROR @ D:\OpenServer\domains\turistic\core\components\pdotools\model\pdotools\pdofetch.class.php : 573) [pdoTools] Could not join TVs to the class "TaggerTagResource" that is not a subclass of the "modResource". Try to specify correct class in the "joinTVsTo" parameter.
[2016-12-17 18:08:24] (ERROR @ D:\OpenServer\domains\turistic\core\components\pdotools\model\pdotools\pdofetch.class.php : 573) [pdoTools] Could not join TVs to the class "TaggerTagResource" that is not a subclass of the "modResource". Try to specify correct class in the "joinTVsTo" parameter.
[2016-12-17 18:09:19] (ERROR @ D:\OpenServer\domains\turistic\core\components\pdotools\model\pdotools\pdofetch.class.php : 573) [pdoTools] Could not join TVs to the class "TaggerTagResource" that is not a subclass of the "modResource". Try to specify correct class in the "joinTVsTo" parameter.
[2016-12-17 18:09:19] (ERROR @ D:\OpenServer\domains\turistic\core\components\pdotools\model\pdotools\pdofetch.class.php : 171) [pdoTools] Error 42S22: Unknown column 'Tv.value' in 'field list'
[2016-12-17 18:09:22] (ERROR @ D:\OpenServer\domains\turistic\core\components\pdotools\model\pdotools\pdofetch.class.php : 573) [pdoTools] Could not join TVs to the class "TaggerTagResource" that is not a subclass of the "modResource". Try to specify correct class in the "joinTVsTo" parameter.
[2016-12-17 18:09:22] (ERROR @ D:\OpenServer\domains\turistic\core\components\pdotools\model\pdotools\pdofetch.class.php : 171) [pdoTools] Error 42S22: Unknown column 'Tv.value' in 'field list'
[2016-12-17 18:09:36] (ERROR @ D:\OpenServer\domains\turistic\core\components\pdotools\model\pdotools\pdofetch.class.php : 573) [pdoTools] Could not join TVs to the class "TaggerTagResource" that is not a subclass of the "modResource". Try to specify correct class in the "joinTVsTo" parameter.
[2016-12-17 18:09:36] (ERROR @ D:\OpenServer\domains\turistic\core\components\pdotools\model\pdotools\pdofetch.class.php : 171) [pdoTools] Error 42S22: Unknown column 'Tv.value' in 'field list'
[2016-12-17 18:09:46] (ERROR @ D:\OpenServer\domains\turistic\core\components\pdotools\model\pdotools\pdofetch.class.php : 573) [pdoTools] Could not join TVs to the class "TaggerTagResource" that is not a subclass of the "modResource". Try to specify correct class in the "joinTVsTo" parameter.
[2016-12-17 18:13:28] (ERROR @ D:\OpenServer\domains\turistic\core\components\pdotools\model\pdotools\pdofetch.class.php : 573) [pdoTools] Could not join TVs to the class "TaggerTagResource" that is not a subclass of the "modResource". Try to specify correct class in the "joinTVsTo" parameter.
[2016-12-17 18:13:40] (ERROR @ D:\OpenServer\domains\turistic\core\components\pdotools\model\pdotools\pdofetch.class.php : 573) [pdoTools] Could not join TVs to the class "TaggerTagResource" that is not a subclass of the "modResource". Try to specify correct class in the "joinTVsTo" parameter.
[2016-12-17 18:13:57] (ERROR @ D:\OpenServer\domains\turistic\core\components\pdotools\model\pdotools\pdofetch.class.php : 573) [pdoTools] Could not join TVs to the class "TaggerTagResource" that is not a subclass of the "modResource". Try to specify correct class in the "joinTVsTo" parameter.
[2016-12-17 18:13:57] (ERROR @ D:\OpenServer\domains\turistic\core\components\pdotools\model\pdotools\pdofetch.class.php : 171) [pdoTools] Error 42S22: Unknown column 'Tv.tmplvar' in 'on clause'
[2016-12-17 18:14:12] (ERROR @ D:\OpenServer\domains\turistic\core\components\pdotools\model\pdotools\pdofetch.class.php : 573) [pdoTools] Could not join TVs to the class "TaggerTagResource" that is not a subclass of the "modResource". Try to specify correct class in the "joinTVsTo" parameter.
[2016-12-17 18:14:12] (ERROR @ D:\OpenServer\domains\turistic\core\components\pdotools\model\pdotools\pdofetch.class.php : 171) [pdoTools] Error 42S22: Unknown column 'Tv.tmplvar' in 'on clause'
[2016-12-17 18:14:42] (ERROR @ D:\OpenServer\domains\turistic\core\components\pdotools\model\pdotools\pdofetch.class.php : 573) [pdoTools] Could not join TVs to the class "TaggerTagResource" that is not a subclass of the "modResource". Try to specify correct class in the "joinTVsTo" parameter.
[2016-12-17 18:25:21] (ERROR @ D:\OpenServer\domains\turistic\core\components\pdotools\model\pdotools\pdofetch.class.php : 573) [pdoTools] Could not join TVs to the class "TaggerTagResource" that is not a subclass of the "modResource". Try to specify correct class in the "joinTVsTo" parameter.
[2016-12-17 18:25:21] (ERROR @ D:\OpenServer\domains\turistic\core\components\pdotools\model\pdotools\pdofetch.class.php : 171) [pdoTools] Error 42S22: Unknown column '' in 'field list'
[2016-12-17 18:25:29] (ERROR @ D:\OpenServer\domains\turistic\core\components\pdotools\model\pdotools\pdofetch.class.php : 573) [pdoTools] Could not join TVs to the class "TaggerTagResource" that is not a subclass of the "modResource". Try to specify correct class in the "joinTVsTo" parameter.
[2016-12-17 18:25:35] (ERROR @ D:\OpenServer\domains\turistic\core\components\pdotools\model\pdotools\pdofetch.class.php : 573) [pdoTools] Could not join TVs to the class "TaggerTagResource" that is not a subclass of the "modResource". Try to specify correct class in the "joinTVsTo" parameter.
[2016-12-17 18:27:08] (ERROR @ D:\OpenServer\domains\turistic\core\components\pdotools\model\pdotools\pdofetch.class.php : 573) [pdoTools] Could not join TVs to the class "TaggerTagResource" that is not a subclass of the "modResource". Try to specify correct class in the "joinTVsTo" parameter.
[2016-12-17 18:27:14] (ERROR @ D:\OpenServer\domains\turistic\core\components\pdotools\model\pdotools\pdofetch.class.php : 573) [pdoTools] Could not join TVs to the class "TaggerTagResource" that is not a subclass of the "modResource". Try to specify correct class in the "joinTVsTo" parameter.
[2016-12-17 18:27:17] (ERROR @ D:\OpenServer\domains\turistic\core\components\pdotools\model\pdotools\pdofetch.class.php : 573) [pdoTools] Could not join TVs to the class "TaggerTagResource" that is not a subclass of the "modResource". Try to specify correct class in the "joinTVsTo" parameter.
[2016-12-17 18:27:53] (ERROR @ D:\OpenServer\domains\turistic\core\components\pdotools\model\pdotools\pdofetch.class.php : 573) [pdoTools] Could not join TVs to the class "TaggerTagResource" that is not a subclass of the "modResource". Try to specify correct class in the "joinTVsTo" parameter.
[2016-12-17 18:28:30] (ERROR @ D:\OpenServer\domains\turistic\core\components\pdotools\model\pdotools\pdofetch.class.php : 573) [pdoTools] Could not join TVs to the class "TaggerTagResource" that is not a subclass of the "modResource". Try to specify correct class in the "joinTVsTo" parameter.
[2016-12-17 18:28:41] (ERROR @ D:\OpenServer\domains\turistic\core\components\pdotools\model\pdotools\pdofetch.class.php : 573) [pdoTools] Could not join TVs to the class "TaggerTagResource" that is not a subclass of the "modResource". Try to specify correct class in the "joinTVsTo" parameter.
[2016-12-17 18:28:43] (ERROR @ D:\OpenServer\domains\turistic\core\components\pdotools\model\pdotools\pdofetch.class.php : 573) [pdoTools] Could not join TVs to the class "TaggerTagResource" that is not a subclass of the "modResource". Try to specify correct class in the "joinTVsTo" parameter.
[2016-12-17 18:28:46] (ERROR @ D:\OpenServer\domains\turistic\core\components\pdotools\model\pdotools\pdofetch.class.php : 573) [pdoTools] Could not join TVs to the class "TaggerTagResource" that is not a subclass of the "modResource". Try to specify correct class in the "joinTVsTo" parameter.
[2016-12-17 18:28:48] (ERROR @ D:\OpenServer\domains\turistic\core\components\pdotools\model\pdotools\pdofetch.class.php : 573) [pdoTools] Could not join TVs to the class "TaggerTagResource" that is not a subclass of the "modResource". Try to specify correct class in the "joinTVsTo" parameter.
[2016-12-17 18:29:33] (ERROR @ D:\OpenServer\domains\turistic\core\components\pdotools\model\pdotools\pdofetch.class.php : 573) [pdoTools] Could not join TVs to the class "TaggerTagResource" that is not a subclass of the "modResource". Try to specify correct class in the "joinTVsTo" parameter.
[2016-12-17 18:29:36] (ERROR @ D:\OpenServer\domains\turistic\core\components\pdotools\model\pdotools\pdofetch.class.php : 573) [pdoTools] Could not join TVs to the class "TaggerTagResource" that is not a subclass of the "modResource". Try to specify correct class in the "joinTVsTo" parameter.
[2016-12-17 18:30:05] (ERROR @ D:\OpenServer\domains\turistic\core\components\pdotools\model\pdotools\pdofetch.class.php : 573) [pdoTools] Could not join TVs to the class "TaggerTagResource" that is not a subclass of the "modResource". Try to specify correct class in the "joinTVsTo" parameter.
[2016-12-17 18:30:08] (ERROR @ D:\OpenServer\domains\turistic\core\components\pdotools\model\pdotools\pdofetch.class.php : 573) [pdoTools] Could not join TVs to the class "TaggerTagResource" that is not a subclass of the "modResource". Try to specify correct class in the "joinTVsTo" parameter.
[2016-12-17 18:30:10] (ERROR @ D:\OpenServer\domains\turistic\core\components\pdotools\model\pdotools\pdofetch.class.php : 573) [pdoTools] Could not join TVs to the class "TaggerTagResource" that is not a subclass of the "modResource". Try to specify correct class in the "joinTVsTo" parameter.
[2016-12-17 18:30:12] (ERROR @ D:\OpenServer\domains\turistic\core\components\pdotools\model\pdotools\pdofetch.class.php : 573) [pdoTools] Could not join TVs to the class "TaggerTagResource" that is not a subclass of the "modResource". Try to specify correct class in the "joinTVsTo" parameter.
[2016-12-17 18:30:37] (ERROR @ D:\OpenServer\domains\turistic\core\components\pdotools\model\pdotools\pdofetch.class.php : 573) [pdoTools] Could not join TVs to the class "TaggerTagResource" that is not a subclass of the "modResource". Try to specify correct class in the "joinTVsTo" parameter.
[2016-12-17 18:30:38] (ERROR @ D:\OpenServer\domains\turistic\core\components\pdotools\model\pdotools\pdofetch.class.php : 573) [pdoTools] Could not join TVs to the class "TaggerTagResource" that is not a subclass of the "modResource". Try to specify correct class in the "joinTVsTo" parameter.
[2016-12-17 18:31:45] (ERROR @ D:\OpenServer\domains\turistic\core\components\pdotools\model\pdotools\pdofetch.class.php : 573) [pdoTools] Could not join TVs to the class "TaggerTagResource" that is not a subclass of the "modResource". Try to specify correct class in the "joinTVsTo" parameter.
[2016-12-17 18:31:47] (ERROR @ D:\OpenServer\domains\turistic\core\components\pdotools\model\pdotools\pdofetch.class.php : 573) [pdoTools] Could not join TVs to the class "TaggerTagResource" that is not a subclass of the "modResource". Try to specify correct class in the "joinTVsTo" parameter.
[2016-12-17 18:32:42] (ERROR @ D:\OpenServer\domains\turistic\core\components\pdotools\model\pdotools\pdofetch.class.php : 573) [pdoTools] Could not join TVs to the class "TaggerTagResource" that is not a subclass of the "modResource". Try to specify correct class in the "joinTVsTo" parameter.
[2016-12-17 18:32:44] (ERROR @ D:\OpenServer\domains\turistic\core\components\pdotools\model\pdotools\pdofetch.class.php : 573) [pdoTools] Could not join TVs to the class "TaggerTagResource" that is not a subclass of the "modResource". Try to specify correct class in the "joinTVsTo" parameter.
[2016-12-17 18:32:47] (ERROR @ D:\OpenServer\domains\turistic\core\components\pdotools\model\pdotools\pdofetch.class.php : 573) [pdoTools] Could not join TVs to the class "TaggerTagResource" that is not a subclass of the "modResource". Try to specify correct class in the "joinTVsTo" parameter.
[2016-12-17 18:32:50] (ERROR @ D:\OpenServer\domains\turistic\core\components\pdotools\model\pdotools\pdofetch.class.php : 573) [pdoTools] Could not join TVs to the class "TaggerTagResource" that is not a subclass of the "modResource". Try to specify correct class in the "joinTVsTo" parameter.
[2016-12-17 18:33:25] (ERROR @ D:\OpenServer\domains\turistic\core\components\pdotools\model\pdotools\pdofetch.class.php : 573) [pdoTools] Could not join TVs to the class "TaggerTagResource" that is not a subclass of the "modResource". Try to specify correct class in the "joinTVsTo" parameter.
[2016-12-17 18:33:27] (ERROR @ D:\OpenServer\domains\turistic\core\components\pdotools\model\pdotools\pdofetch.class.php : 573) [pdoTools] Could not join TVs to the class "TaggerTagResource" that is not a subclass of the "modResource". Try to specify correct class in the "joinTVsTo" parameter.
[2016-12-17 18:33:42] (ERROR @ D:\OpenServer\domains\turistic\core\components\pdotools\model\pdotools\pdofetch.class.php : 573) [pdoTools] Could not join TVs to the class "TaggerTagResource" that is not a subclass of the "modResource". Try to specify correct class in the "joinTVsTo" parameter.
[2016-12-17 18:33:46] (ERROR @ D:\OpenServer\domains\turistic\core\components\pdotools\model\pdotools\pdofetch.class.php : 573) [pdoTools] Could not join TVs to the class "TaggerTagResource" that is not a subclass of the "modResource". Try to specify correct class in the "joinTVsTo" parameter.
[2016-12-17 18:33:48] (ERROR @ D:\OpenServer\domains\turistic\core\components\pdotools\model\pdotools\pdofetch.class.php : 573) [pdoTools] Could not join TVs to the class "TaggerTagResource" that is not a subclass of the "modResource". Try to specify correct class in the "joinTVsTo" parameter.
[2016-12-17 18:33:50] (ERROR @ D:\OpenServer\domains\turistic\core\components\pdotools\model\pdotools\pdofetch.class.php : 573) [pdoTools] Could not join TVs to the class "TaggerTagResource" that is not a subclass of the "modResource". Try to specify correct class in the "joinTVsTo" parameter.
[2016-12-17 18:33:54] (ERROR @ D:\OpenServer\domains\turistic\core\components\pdotools\model\pdotools\pdofetch.class.php : 573) [pdoTools] Could not join TVs to the class "TaggerTagResource" that is not a subclass of the "modResource". Try to specify correct class in the "joinTVsTo" parameter.
[2016-12-17 18:44:31] (ERROR @ D:\OpenServer\domains\turistic\core\components\pdotools\model\pdotools\pdofetch.class.php : 573) [pdoTools] Could not join TVs to the class "TaggerTagResource" that is not a subclass of the "modResource". Try to specify correct class in the "joinTVsTo" parameter.
[2016-12-17 18:44:38] (ERROR @ D:\OpenServer\domains\turistic\core\components\pdotools\model\pdotools\pdofetch.class.php : 573) [pdoTools] Could not join TVs to the class "TaggerTagResource" that is not a subclass of the "modResource". Try to specify correct class in the "joinTVsTo" parameter.
[2016-12-17 18:45:36] (ERROR @ D:\OpenServer\domains\turistic\core\components\pdotools\model\pdotools\pdofetch.class.php : 573) [pdoTools] Could not join TVs to the class "TaggerTagResource" that is not a subclass of the "modResource". Try to specify correct class in the "joinTVsTo" parameter.
[2016-12-17 19:23:39] (ERROR @ D:\OpenServer\domains\turistic\core\model\modx\modcachemanager.class.php : 317) Could not cache resource 5
[2016-12-20 22:02:39] (ERROR @ D:\OpenServer\domains\turistic\core\components\pdotools\model\pdotools\pdofetch.class.php : 573) [pdoTools] Could not join TVs to the class "TaggerTagResource" that is not a subclass of the "modResource". Try to specify correct class in the "joinTVsTo" parameter.
[2017-01-21 21:40:15] (ERROR @ D:\OpenServer\domains\turistic\core\components\pdotools\model\pdotools\pdofetch.class.php : 573) [pdoTools] Could not join TVs to the class "TaggerTagResource" that is not a subclass of the "modResource". Try to specify correct class in the "joinTVsTo" parameter.
[2017-01-21 21:40:18] (ERROR @ D:\OpenServer\domains\turistic\core\components\pdotools\model\pdotools\pdofetch.class.php : 573) [pdoTools] Could not join TVs to the class "TaggerTagResource" that is not a subclass of the "modResource". Try to specify correct class in the "joinTVsTo" parameter.
[2017-01-21 21:40:23] (ERROR @ D:\OpenServer\domains\turistic\core\components\pdotools\model\pdotools\pdofetch.class.php : 573) [pdoTools] Could not join TVs to the class "TaggerTagResource" that is not a subclass of the "modResource". Try to specify correct class in the "joinTVsTo" parameter.
